# JRE version: Java(TM) SE Runtime Environment (10.0.2+13) (build 10.0.2+13)
# Java VM: Java HotSpot(TM) 64-Bit Server VM (10.0.2+13, mixed mode, tiered, compressed oops, g1 gc, windows-amd64)
Heap:
 garbage-first heap   total 112640K, used 44464K [0x00000000c8c00000, 0x0000000100000000)
  region size 1024K, 11 young (11264K), 4 survivors (4096K)
 Metaspace       used 58784K, capacity 60322K, committed 60592K, reserved 1101824K
  class space    used 7493K, capacity 8104K, committed 8112K, reserved 1048576K
GC Heap History (10 events):
Event: 279.088 GC heap after
{Heap after GC invocations=22 (full 1):
 garbage-first heap   total 112640K, used 34874K [0x00000000c8c00000, 0x0000000100000000)
  region size 1024K, 3 young (3072K), 3 survivors (3072K)
 Metaspace       used 58508K, capacity 59986K, committed 60336K, reserved 1101824K
  class space    used 7464K, capacity 8078K, committed 8112K, reserved 1048576K
}
Event: 279.650 GC heap before
{Heap before GC invocations=22 (full 1):
 garbage-first heap   total 112640K, used 85050K [0x00000000c8c00000, 0x0000000100000000)
  region size 1024K, 52 young (53248K), 3 survivors (3072K)
 Metaspace       used 58656K, capacity 60156K, committed 60592K, reserved 1101824K
  class space    used 7475K, capacity 8085K, committed 8112K, reserved 1048576K
}
Event: 279.658 GC heap after
{Heap after GC invocations=23 (full 1):
 garbage-first heap   total 112640K, used 36630K [0x00000000c8c00000, 0x0000000100000000)
  region size 1024K, 5 young (5120K), 5 survivors (5120K)
 Metaspace       used 58656K, capacity 60156K, committed 60592K, reserved 1101824K
  class space    used 7475K, capacity 8085K, committed 8112K, reserved 1048576K
}
Event: 711.371 GC heap before
{Heap before GC invocations=23 (full 1):
 garbage-first heap   total 112640K, used 86806K [0x00000000c8c00000, 0x0000000100000000)
  region size 1024K, 54 young (55296K), 5 survivors (5120K)
 Metaspace       used 58773K, capacity 60310K, committed 60592K, reserved 1101824K
  class space    used 7490K, capacity 8101K, committed 8112K, reserved 1048576K
}
Event: 711.381 GC heap after
{Heap after GC invocations=24 (full 1):
 garbage-first heap   total 112640K, used 38030K [0x00000000c8c00000, 0x0000000100000000)
  region size 1024K, 5 young (5120K), 5 survivors (5120K)
 Metaspace       used 58773K, capacity 60310K, committed 60592K, reserved 1101824K
  class space    used 7490K, capacity 8101K, committed 8112K, reserved 1048576K
}
Event: 2991.383 GC heap before
{Heap before GC invocations=24 (full 1):
 garbage-first heap   total 112640K, used 87182K [0x00000000c8c00000, 0x0000000100000000)
  region size 1024K, 53 young (54272K), 5 survivors (5120K)
 Metaspace       used 58774K, capacity 60310K, committed 60592K, reserved 1101824K
  class space    used 7490K, capacity 8101K, committed 8112K, reserved 1048576K
}
Event: 2991.393 GC heap after
{Heap after GC invocations=25 (full 1):
 garbage-first heap   total 112640K, used 38443K [0x00000000c8c00000, 0x0000000100000000)
  region size 1024K, 4 young (4096K), 4 survivors (4096K)
 Metaspace       used 58774K, capacity 60310K, committed 60592K, reserved 1101824K
  class space    used 7490K, capacity 8101K, committed 8112K, reserved 1048576K
}
Event: 3913.978 GC heap before
{Heap before GC invocations=25 (full 1):
 garbage-first heap   total 112640K, used 88619K [0x00000000c8c00000, 0x0000000100000000)
  region size 1024K, 53 young (54272K), 4 survivors (4096K)
 Metaspace       used 58774K, capacity 60310K, committed 60592K, reserved 1101824K
  class space    used 7490K, capacity 8101K, committed 8112K, reserved 1048576K
}
Event: 3913.993 GC heap after
{Heap after GC invocations=26 (full 1):
 garbage-first heap   total 112640K, used 38318K [0x00000000c8c00000, 0x0000000100000000)
  region size 1024K, 4 young (4096K), 4 survivors (4096K)
 Metaspace       used 58774K, capacity 60310K, committed 60592K, reserved 1101824K
  class space    used 7490K, capacity 8101K, committed 8112K, reserved 1048576K
}
Event: 3961.203 GC heap before
{Heap before GC invocations=26 (full 1):
 garbage-first heap   total 112640K, used 44462K [0x00000000c8c00000, 0x0000000100000000)
  region size 1024K, 11 young (11264K), 4 survivors (4096K)
 Metaspace       used 58784K, capacity 60322K, committed 60592K, reserved 1101824K
  class space    used 7493K, capacity 8104K, committed 8112K, reserved 1048576K
}

